  test.cpp
c:\users\administrator\documents\github\lanedetection\project1\test.cpp(67): warning C4244: '인수': 'float'에서 '_Tp'(으)로 변환하면서 데이터가 손실될 수 있습니다.
          with
          [
              _Tp=int
          ]
c:\users\administrator\documents\github\lanedetection\project1\test.cpp(68): warning C4244: '인수': 'float'에서 '_Tp'(으)로 변환하면서 데이터가 손실될 수 있습니다.
          with
          [
              _Tp=int
          ]
c:\users\administrator\documents\github\lanedetection\project1\test.cpp(79): warning C4244: '인수': 'float'에서 '_Tp'(으)로 변환하면서 데이터가 손실될 수 있습니다.
          with
          [
              _Tp=int
          ]
c:\users\administrator\documents\github\lanedetection\project1\test.cpp(80): warning C4244: '인수': 'float'에서 '_Tp'(으)로 변환하면서 데이터가 손실될 수 있습니다.
          with
          [
              _Tp=int
          ]
c:\users\administrator\documents\github\lanedetection\project1\test.cpp(26): warning C4101: 'resultLine' :참조되지 않은 지역 변수입니다.
  Project1.vcxproj -> C:\Users\Administrator\Documents\GitHub\LaneDetection\x64\Debug\Project1.exe
